C:\Users\Misha\Source\Repos\StorePhoneAccessory\StorePhoneAccessory\ClientApp\app\app.component.js
C:\Users\Misha\Source\Repos\StorePhoneAccessory\StorePhoneAccessory\ClientApp\app\app.component.js.map
C:\Users\Misha\Source\Repos\StorePhoneAccessory\StorePhoneAccessory\ClientApp\app\product.js
C:\Users\Misha\Source\Repos\StorePhoneAccessory\StorePhoneAccessory\ClientApp\app\product.js.map
C:\Users\Misha\Source\Repos\StorePhoneAccessory\StorePhoneAccessory\ClientApp\app\data.service.js
C:\Users\Misha\Source\Repos\StorePhoneAccessory\StorePhoneAccessory\ClientApp\app\data.service.js.map
C:\Users\Misha\Source\Repos\StorePhoneAccessory\StorePhoneAccessory\ClientApp\app\product-list.component.js
C:\Users\Misha\Source\Repos\StorePhoneAccessory\StorePhoneAccessory\ClientApp\app\product-list.component.js.map
C:\Users\Misha\Source\Repos\StorePhoneAccessory\StorePhoneAccessory\ClientApp\app\product-form.component.js
C:\Users\Misha\Source\Repos\StorePhoneAccessory\StorePhoneAccessory\ClientApp\app\product-form.component.js.map
C:\Users\Misha\Source\Repos\StorePhoneAccessory\StorePhoneAccessory\ClientApp\app\product-create.component.js
C:\Users\Misha\Source\Repos\StorePhoneAccessory\StorePhoneAccessory\ClientApp\app\product-create.component.js.map
C:\Users\Misha\Source\Repos\StorePhoneAccessory\StorePhoneAccessory\ClientApp\app\product-edit.component.js
C:\Users\Misha\Source\Repos\StorePhoneAccessory\StorePhoneAccessory\ClientApp\app\product-edit.component.js.map
C:\Users\Misha\Source\Repos\StorePhoneAccessory\StorePhoneAccessory\ClientApp\app\not-found.component.js
C:\Users\Misha\Source\Repos\StorePhoneAccessory\StorePhoneAccessory\ClientApp\app\not-found.component.js.map
C:\Users\Misha\Source\Repos\StorePhoneAccessory\StorePhoneAccessory\ClientApp\app\app.module.js
C:\Users\Misha\Source\Repos\StorePhoneAccessory\StorePhoneAccessory\ClientApp\app\app.module.js.map
C:\Users\Misha\Source\Repos\StorePhoneAccessory\StorePhoneAccessory\ClientApp\main.js
C:\Users\Misha\Source\Repos\StorePhoneAccessory\StorePhoneAccessory\ClientApp\main.js.map
C:\Users\Misha\Source\Repos\StorePhoneAccessory\StorePhoneAccessory\ClientApp\polyfills.js
C:\Users\Misha\Source\Repos\StorePhoneAccessory\StorePhoneAccessory\ClientApp\polyfills.js.map
